TN:
SF:src/app/app.component.ts
FNF:0
FNH:0
DA:8,1
DA:9,3
LF:2
LH:2
BRF:0
BRH:0
end_of_record
TN:
SF:src/app/shared/data.service.ts
FN:2,(anonymous_0)
FN:3,(anonymous_1)
FN:4,(anonymous_2)
FNF:3
FNH:2
FNDA:3,(anonymous_0)
FNDA:3,(anonymous_1)
FNDA:0,(anonymous_2)
DA:3,3
DA:4,3
DA:5,0
DA:8,3
LF:4
LH:3
BRF:0
BRH:0
end_of_record
TN:
SF:src/app/shared/reverse.pipe.ts
FN:7,(anonymous_0)
FNF:1
FNH:1
FNDA:1,(anonymous_0)
DA:6,1
DA:8,1
LF:2
LH:2
BRF:0
BRH:0
end_of_record
TN:
SF:src/app/user/user.component.ts
FN:15,(anonymous_0)
FN:20,(anonymous_1)
FN:22,(anonymous_2)
FNF:3
FNH:3
FNDA:7,(anonymous_0)
FNDA:6,(anonymous_1)
FNDA:3,(anonymous_2)
DA:11,1
DA:12,7
DA:14,7
DA:16,7
DA:17,7
DA:21,6
DA:22,6
LF:7
LH:7
BRF:0
BRH:0
end_of_record
TN:
SF:src/app/user/user.service.ts
FN:6,(anonymous_0)
FNF:1
FNH:1
FNDA:7,(anonymous_0)
DA:2,7
LF:1
LH:1
BRF:0
BRH:0
end_of_record
